2021-01-18 12:43:40 [main] DEBUG springframework.beans.factory.xml.XmlBeanDefinitionReader - Loaded 11 bean definitions from class path resource [org/springframework/jdbc/support/sql-error-codes.xml]
2021-01-18 12:43:40 [main] DEBUG springframework.beans.factory.support.DefaultListableBeanFactory - Creating shared instance of singleton bean 'DB2'
2021-01-18 12:43:41 [main] DEBUG springframework.beans.factory.support.DefaultListableBeanFactory - Creating shared instance of singleton bean 'Derby'
2021-01-18 12:43:41 [main] DEBUG springframework.beans.factory.support.DefaultListableBeanFactory - Creating shared instance of singleton bean 'H2'
2021-01-18 12:43:41 [main] DEBUG springframework.beans.factory.support.DefaultListableBeanFactory - Creating shared instance of singleton bean 'HDB'
2021-01-18 12:43:41 [main] DEBUG springframework.beans.factory.support.DefaultListableBeanFactory - Creating shared instance of singleton bean 'HSQL'
2021-01-18 12:43:41 [main] DEBUG springframework.beans.factory.support.DefaultListableBeanFactory - Creating shared instance of singleton bean 'Informix'
2021-01-18 12:43:41 [main] DEBUG springframework.beans.factory.support.DefaultListableBeanFactory - Creating shared instance of singleton bean 'MS-SQL'
2021-01-18 12:43:41 [main] DEBUG springframework.beans.factory.support.DefaultListableBeanFactory - Creating shared instance of singleton bean 'MySQL'
2021-01-18 12:43:41 [main] DEBUG springframework.beans.factory.support.DefaultListableBeanFactory - Creating shared instance of singleton bean 'Oracle'
2021-01-18 12:43:41 [main] DEBUG springframework.beans.factory.support.DefaultListableBeanFactory - Creating shared instance of singleton bean 'PostgreSQL'
2021-01-18 12:43:41 [main] DEBUG springframework.beans.factory.support.DefaultListableBeanFactory - Creating shared instance of singleton bean 'Sybase'
2021-01-18 12:43:41 [main] DEBUG org.springframework.jdbc.support.SQLErrorCodesFactory - Looking up default SQLErrorCodes for DataSource [org.springframework.jdbc.datasource.embedded.EmbeddedDatabaseFactory$EmbeddedDataSourceProxy@12359a82]
2021-01-18 12:43:41 [main] DEBUG org.springframework.jdbc.datasource.DataSourceUtils - Fetching JDBC Connection from DataSource
2021-01-18 12:43:41 [main] DEBUG org.springframework.jdbc.datasource.SimpleDriverDataSource - Creating new JDBC Driver Connection to [jdbc:h2:mem:testdb;DB_CLOSE_DELAY=-1;DB_CLOSE_ON_EXIT=false]
2021-01-18 12:43:41 [main] DEBUG org.springframework.jdbc.support.SQLErrorCodesFactory - SQL error codes for 'H2' found
2021-01-18 12:43:41 [main] DEBUG org.springframework.jdbc.support.SQLErrorCodesFactory - Caching SQL error codes for DataSource [org.springframework.jdbc.datasource.embedded.EmbeddedDatabaseFactory$EmbeddedDataSourceProxy@12359a82]: database product name is 'H2'
2021-01-18 12:43:41 [main] DEBUG org.springframework.jdbc.support.SQLErrorCodeSQLExceptionTranslator - Unable to translate SQLException with Error code '22007', will now try the fallback translator
2021-01-18 12:43:41 [main] DEBUG org.springframework.jdbc.support.SQLStateSQLExceptionTranslator - Extracted SQL state class '22' from value '22007'
2021-01-18 12:43:41 [main] INFO  springframework.jdbc.datasource.embedded.EmbeddedDatabaseFactory - Shutting down embedded database: url='jdbc:h2:mem:testdb;DB_CLOSE_DELAY=-1;DB_CLOSE_ON_EXIT=false'
2021-01-18 12:43:41 [main] DEBUG org.springframework.jdbc.datasource.SimpleDriverDataSource - Creating new JDBC Driver Connection to [jdbc:h2:mem:testdb;DB_CLOSE_DELAY=-1;DB_CLOSE_ON_EXIT=false]
2021-01-18 12:46:10 [main] INFO  springframework.jdbc.datasource.embedded.EmbeddedDatabaseFactory - Starting embedded database: url='jdbc:h2:mem:testdb;DB_CLOSE_DELAY=-1;DB_CLOSE_ON_EXIT=false', username='sa'
2021-01-18 12:46:10 [main] DEBUG org.springframework.jdbc.datasource.DataSourceUtils - Fetching JDBC Connection from DataSource
2021-01-18 12:46:10 [main] DEBUG org.springframework.jdbc.datasource.SimpleDriverDataSource - Creating new JDBC Driver Connection to [jdbc:h2:mem:testdb;DB_CLOSE_DELAY=-1;DB_CLOSE_ON_EXIT=false]
2021-01-18 12:46:11 [main] DEBUG springframework.jdbc.datasource.init.ScriptUtils - Executing SQL script from class path resource [createDatabase.sql]
2021-01-18 12:46:11 [main] DEBUG springframework.jdbc.datasource.init.ScriptUtils - 0 returned as update count for SQL: DROP TABLE IF EXISTS gift_certificate
2021-01-18 12:46:11 [main] DEBUG springframework.jdbc.datasource.init.ScriptUtils - 0 returned as update count for SQL: CREATE TABLE gift_certificate ( `certificateId` INT NOT NULL AUTO_INCREMENT PRIMARY KEY, `name` VARCHAR(45) NOT NULL, `description` VARCHAR(100) NOT NULL, `price` DOUBLE NOT NULL, `duration` INT NOT NULL, `createDate` DATETIME NOT NULL, `lastUpdateDate` DATETIME NOT NULL)
2021-01-18 12:46:11 [main] DEBUG springframework.jdbc.datasource.init.ScriptUtils - Executed SQL script from class path resource [createDatabase.sql] in 55 ms.
2021-01-18 12:46:11 [main] DEBUG org.springframework.jdbc.core.JdbcTemplate - Executing SQL update and returning generated keys
2021-01-18 12:46:11 [main] DEBUG org.springframework.jdbc.core.JdbcTemplate - Executing prepared SQL statement
2021-01-18 12:46:11 [main] DEBUG org.springframework.jdbc.datasource.DataSourceUtils - Fetching JDBC Connection from DataSource
2021-01-18 12:46:11 [main] DEBUG org.springframework.jdbc.datasource.SimpleDriverDataSource - Creating new JDBC Driver Connection to [jdbc:h2:mem:testdb;DB_CLOSE_DELAY=-1;DB_CLOSE_ON_EXIT=false]
2021-01-18 12:46:12 [main] DEBUG springframework.beans.factory.xml.XmlBeanDefinitionReader - Loaded 11 bean definitions from class path resource [org/springframework/jdbc/support/sql-error-codes.xml]
2021-01-18 12:46:12 [main] DEBUG springframework.beans.factory.support.DefaultListableBeanFactory - Creating shared instance of singleton bean 'DB2'
2021-01-18 12:46:12 [main] DEBUG springframework.beans.factory.support.DefaultListableBeanFactory - Creating shared instance of singleton bean 'Derby'
2021-01-18 12:46:12 [main] DEBUG springframework.beans.factory.support.DefaultListableBeanFactory - Creating shared instance of singleton bean 'H2'
2021-01-18 12:46:12 [main] DEBUG springframework.beans.factory.support.DefaultListableBeanFactory - Creating shared instance of singleton bean 'HDB'
2021-01-18 12:46:12 [main] DEBUG springframework.beans.factory.support.DefaultListableBeanFactory - Creating shared instance of singleton bean 'HSQL'
2021-01-18 12:46:12 [main] DEBUG springframework.beans.factory.support.DefaultListableBeanFactory - Creating shared instance of singleton bean 'Informix'
2021-01-18 12:46:12 [main] DEBUG springframework.beans.factory.support.DefaultListableBeanFactory - Creating shared instance of singleton bean 'MS-SQL'
2021-01-18 12:46:12 [main] DEBUG springframework.beans.factory.support.DefaultListableBeanFactory - Creating shared instance of singleton bean 'MySQL'
2021-01-18 12:46:12 [main] DEBUG springframework.beans.factory.support.DefaultListableBeanFactory - Creating shared instance of singleton bean 'Oracle'
2021-01-18 12:46:12 [main] DEBUG springframework.beans.factory.support.DefaultListableBeanFactory - Creating shared instance of singleton bean 'PostgreSQL'
2021-01-18 12:46:12 [main] DEBUG springframework.beans.factory.support.DefaultListableBeanFactory - Creating shared instance of singleton bean 'Sybase'
2021-01-18 12:46:12 [main] DEBUG org.springframework.jdbc.support.SQLErrorCodesFactory - Looking up default SQLErrorCodes for DataSource [org.springframework.jdbc.datasource.embedded.EmbeddedDatabaseFactory$EmbeddedDataSourceProxy@327bcebd]
2021-01-18 12:46:12 [main] DEBUG org.springframework.jdbc.datasource.DataSourceUtils - Fetching JDBC Connection from DataSource
2021-01-18 12:46:12 [main] DEBUG org.springframework.jdbc.datasource.SimpleDriverDataSource - Creating new JDBC Driver Connection to [jdbc:h2:mem:testdb;DB_CLOSE_DELAY=-1;DB_CLOSE_ON_EXIT=false]
2021-01-18 12:46:12 [main] DEBUG org.springframework.jdbc.support.SQLErrorCodesFactory - SQL error codes for 'H2' found
2021-01-18 12:46:12 [main] DEBUG org.springframework.jdbc.support.SQLErrorCodesFactory - Caching SQL error codes for DataSource [org.springframework.jdbc.datasource.embedded.EmbeddedDatabaseFactory$EmbeddedDataSourceProxy@327bcebd]: database product name is 'H2'
2021-01-18 12:46:12 [main] DEBUG org.springframework.jdbc.support.SQLErrorCodeSQLExceptionTranslator - Unable to translate SQLException with Error code '22007', will now try the fallback translator
2021-01-18 12:46:12 [main] DEBUG org.springframework.jdbc.support.SQLStateSQLExceptionTranslator - Extracted SQL state class '22' from value '22007'
2021-01-18 12:46:12 [main] INFO  springframework.jdbc.datasource.embedded.EmbeddedDatabaseFactory - Shutting down embedded database: url='jdbc:h2:mem:testdb;DB_CLOSE_DELAY=-1;DB_CLOSE_ON_EXIT=false'
2021-01-18 12:46:12 [main] DEBUG org.springframework.jdbc.datasource.SimpleDriverDataSource - Creating new JDBC Driver Connection to [jdbc:h2:mem:testdb;DB_CLOSE_DELAY=-1;DB_CLOSE_ON_EXIT=false]
2021-01-18 09:48:47 [main] INFO  springframework.jdbc.datasource.embedded.EmbeddedDatabaseFactory - Starting embedded database: url='jdbc:h2:mem:testdb;DB_CLOSE_DELAY=-1;DB_CLOSE_ON_EXIT=false', username='sa'
2021-01-18 09:48:47 [main] DEBUG org.springframework.jdbc.datasource.DataSourceUtils - Fetching JDBC Connection from DataSource
2021-01-18 09:48:47 [main] DEBUG org.springframework.jdbc.datasource.SimpleDriverDataSource - Creating new JDBC Driver Connection to [jdbc:h2:mem:testdb;DB_CLOSE_DELAY=-1;DB_CLOSE_ON_EXIT=false]
2021-01-18 09:48:48 [main] DEBUG springframework.jdbc.datasource.init.ScriptUtils - Executing SQL script from class path resource [createDatabase.sql]
2021-01-18 09:48:48 [main] DEBUG springframework.jdbc.datasource.init.ScriptUtils - 0 returned as update count for SQL: DROP TABLE IF EXISTS gift_certificate
2021-01-18 09:48:48 [main] DEBUG springframework.jdbc.datasource.init.ScriptUtils - 0 returned as update count for SQL: CREATE TABLE gift_certificate ( `certificateId` INT NOT NULL AUTO_INCREMENT PRIMARY KEY, `name` VARCHAR(45) NOT NULL, `description` VARCHAR(100) NOT NULL, `price` DOUBLE NOT NULL, `duration` INT NOT NULL, `createDate` DATETIME NOT NULL, `lastUpdateDate` DATETIME NOT NULL)
2021-01-18 09:48:48 [main] DEBUG springframework.jdbc.datasource.init.ScriptUtils - Executed SQL script from class path resource [createDatabase.sql] in 72 ms.
2021-01-18 09:48:48 [main] DEBUG org.springframework.jdbc.core.JdbcTemplate - Executing SQL update and returning generated keys
2021-01-18 09:48:48 [main] DEBUG org.springframework.jdbc.core.JdbcTemplate - Executing prepared SQL statement
2021-01-18 09:48:48 [main] DEBUG org.springframework.jdbc.datasource.DataSourceUtils - Fetching JDBC Connection from DataSource
2021-01-18 09:48:48 [main] DEBUG org.springframework.jdbc.datasource.SimpleDriverDataSource - Creating new JDBC Driver Connection to [jdbc:h2:mem:testdb;DB_CLOSE_DELAY=-1;DB_CLOSE_ON_EXIT=false]
2021-01-18 09:48:49 [main] DEBUG springframework.beans.factory.xml.XmlBeanDefinitionReader - Loaded 11 bean definitions from class path resource [org/springframework/jdbc/support/sql-error-codes.xml]
2021-01-18 09:48:49 [main] DEBUG springframework.beans.factory.support.DefaultListableBeanFactory - Creating shared instance of singleton bean 'DB2'
2021-01-18 09:48:49 [main] DEBUG springframework.beans.factory.support.DefaultListableBeanFactory - Creating shared instance of singleton bean 'Derby'
2021-01-18 09:48:49 [main] DEBUG springframework.beans.factory.support.DefaultListableBeanFactory - Creating shared instance of singleton bean 'H2'
2021-01-18 09:48:49 [main] DEBUG springframework.beans.factory.support.DefaultListableBeanFactory - Creating shared instance of singleton bean 'HDB'
2021-01-18 09:48:49 [main] DEBUG springframework.beans.factory.support.DefaultListableBeanFactory - Creating shared instance of singleton bean 'HSQL'
2021-01-18 09:48:49 [main] DEBUG springframework.beans.factory.support.DefaultListableBeanFactory - Creating shared instance of singleton bean 'Informix'
2021-01-18 09:48:49 [main] DEBUG springframework.beans.factory.support.DefaultListableBeanFactory - Creating shared instance of singleton bean 'MS-SQL'
2021-01-18 09:48:49 [main] DEBUG springframework.beans.factory.support.DefaultListableBeanFactory - Creating shared instance of singleton bean 'MySQL'
2021-01-18 09:48:49 [main] DEBUG springframework.beans.factory.support.DefaultListableBeanFactory - Creating shared instance of singleton bean 'Oracle'
2021-01-18 09:48:49 [main] DEBUG springframework.beans.factory.support.DefaultListableBeanFactory - Creating shared instance of singleton bean 'PostgreSQL'
2021-01-18 09:48:49 [main] DEBUG springframework.beans.factory.support.DefaultListableBeanFactory - Creating shared instance of singleton bean 'Sybase'
2021-01-18 09:48:49 [main] DEBUG org.springframework.jdbc.support.SQLErrorCodesFactory - Looking up default SQLErrorCodes for DataSource [org.springframework.jdbc.datasource.embedded.EmbeddedDatabaseFactory$EmbeddedDataSourceProxy@39ac0c0a]
2021-01-18 09:48:49 [main] DEBUG org.springframework.jdbc.datasource.DataSourceUtils - Fetching JDBC Connection from DataSource
2021-01-18 09:48:49 [main] DEBUG org.springframework.jdbc.datasource.SimpleDriverDataSource - Creating new JDBC Driver Connection to [jdbc:h2:mem:testdb;DB_CLOSE_DELAY=-1;DB_CLOSE_ON_EXIT=false]
2021-01-18 09:48:49 [main] DEBUG org.springframework.jdbc.support.SQLErrorCodesFactory - SQL error codes for 'H2' found
2021-01-18 09:48:49 [main] DEBUG org.springframework.jdbc.support.SQLErrorCodesFactory - Caching SQL error codes for DataSource [org.springframework.jdbc.datasource.embedded.EmbeddedDatabaseFactory$EmbeddedDataSourceProxy@39ac0c0a]: database product name is 'H2'
2021-01-18 09:48:49 [main] DEBUG org.springframework.jdbc.support.SQLErrorCodeSQLExceptionTranslator - Unable to translate SQLException with Error code '22007', will now try the fallback translator
2021-01-18 09:48:49 [main] DEBUG org.springframework.jdbc.support.SQLStateSQLExceptionTranslator - Extracted SQL state class '22' from value '22007'
2021-01-18 09:48:49 [main] INFO  springframework.jdbc.datasource.embedded.EmbeddedDatabaseFactory - Shutting down embedded database: url='jdbc:h2:mem:testdb;DB_CLOSE_DELAY=-1;DB_CLOSE_ON_EXIT=false'
2021-01-18 09:48:49 [main] DEBUG org.springframework.jdbc.datasource.SimpleDriverDataSource - Creating new JDBC Driver Connection to [jdbc:h2:mem:testdb;DB_CLOSE_DELAY=-1;DB_CLOSE_ON_EXIT=false]
2021-01-18 12:55:51 [main] INFO  springframework.jdbc.datasource.embedded.EmbeddedDatabaseFactory - Starting embedded database: url='jdbc:h2:mem:testDB;MODE=MySQL;DB_CLOSE_DELAY=-1;DB_CLOSE_ON_EXIT=false', username='sa'
2021-01-18 12:55:51 [main] DEBUG org.springframework.jdbc.datasource.DataSourceUtils - Fetching JDBC Connection from DataSource
2021-01-18 12:55:51 [main] DEBUG org.springframework.jdbc.datasource.SimpleDriverDataSource - Creating new JDBC Driver Connection to [jdbc:h2:mem:testDB;MODE=MySQL;DB_CLOSE_DELAY=-1;DB_CLOSE_ON_EXIT=false]
2021-01-18 12:55:51 [main] DEBUG springframework.jdbc.datasource.init.ScriptUtils - Executing SQL script from class path resource [createDatabase.sql]
2021-01-18 12:55:51 [main] DEBUG springframework.jdbc.datasource.init.ScriptUtils - 0 returned as update count for SQL: DROP TABLE IF EXISTS gift_certificate
2021-01-18 12:55:51 [main] DEBUG springframework.jdbc.datasource.init.ScriptUtils - 0 returned as update count for SQL: CREATE TABLE gift_certificate ( `certificateId` INT NOT NULL AUTO_INCREMENT PRIMARY KEY, `name` VARCHAR(45) NOT NULL, `description` VARCHAR(100) NOT NULL, `price` DOUBLE NOT NULL, `duration` INT NOT NULL, `createDate` DATETIME NOT NULL, `lastUpdateDate` DATETIME NOT NULL)
2021-01-18 12:55:51 [main] DEBUG springframework.jdbc.datasource.init.ScriptUtils - Executed SQL script from class path resource [createDatabase.sql] in 63 ms.
2021-01-18 12:55:51 [main] DEBUG org.springframework.jdbc.core.JdbcTemplate - Executing SQL update and returning generated keys
2021-01-18 12:55:51 [main] DEBUG org.springframework.jdbc.core.JdbcTemplate - Executing prepared SQL statement
2021-01-18 12:55:51 [main] DEBUG org.springframework.jdbc.datasource.DataSourceUtils - Fetching JDBC Connection from DataSource
2021-01-18 12:55:51 [main] DEBUG org.springframework.jdbc.datasource.SimpleDriverDataSource - Creating new JDBC Driver Connection to [jdbc:h2:mem:testDB;MODE=MySQL;DB_CLOSE_DELAY=-1;DB_CLOSE_ON_EXIT=false]
2021-01-18 12:55:52 [main] DEBUG springframework.beans.factory.xml.XmlBeanDefinitionReader - Loaded 11 bean definitions from class path resource [org/springframework/jdbc/support/sql-error-codes.xml]
2021-01-18 12:55:52 [main] DEBUG springframework.beans.factory.support.DefaultListableBeanFactory - Creating shared instance of singleton bean 'DB2'
2021-01-18 12:55:52 [main] DEBUG springframework.beans.factory.support.DefaultListableBeanFactory - Creating shared instance of singleton bean 'Derby'
2021-01-18 12:55:52 [main] DEBUG springframework.beans.factory.support.DefaultListableBeanFactory - Creating shared instance of singleton bean 'H2'
2021-01-18 12:55:52 [main] DEBUG springframework.beans.factory.support.DefaultListableBeanFactory - Creating shared instance of singleton bean 'HDB'
2021-01-18 12:55:52 [main] DEBUG springframework.beans.factory.support.DefaultListableBeanFactory - Creating shared instance of singleton bean 'HSQL'
2021-01-18 12:55:52 [main] DEBUG springframework.beans.factory.support.DefaultListableBeanFactory - Creating shared instance of singleton bean 'Informix'
2021-01-18 12:55:52 [main] DEBUG springframework.beans.factory.support.DefaultListableBeanFactory - Creating shared instance of singleton bean 'MS-SQL'
2021-01-18 12:55:52 [main] DEBUG springframework.beans.factory.support.DefaultListableBeanFactory - Creating shared instance of singleton bean 'MySQL'
2021-01-18 12:55:52 [main] DEBUG springframework.beans.factory.support.DefaultListableBeanFactory - Creating shared instance of singleton bean 'Oracle'
2021-01-18 12:55:52 [main] DEBUG springframework.beans.factory.support.DefaultListableBeanFactory - Creating shared instance of singleton bean 'PostgreSQL'
2021-01-18 12:55:52 [main] DEBUG springframework.beans.factory.support.DefaultListableBeanFactory - Creating shared instance of singleton bean 'Sybase'
2021-01-18 12:55:52 [main] DEBUG org.springframework.jdbc.support.SQLErrorCodesFactory - Looking up default SQLErrorCodes for DataSource [org.springframework.jdbc.datasource.embedded.EmbeddedDatabaseFactory$EmbeddedDataSourceProxy@74bf1791]
2021-01-18 12:55:52 [main] DEBUG org.springframework.jdbc.datasource.DataSourceUtils - Fetching JDBC Connection from DataSource
2021-01-18 12:55:52 [main] DEBUG org.springframework.jdbc.datasource.SimpleDriverDataSource - Creating new JDBC Driver Connection to [jdbc:h2:mem:testDB;MODE=MySQL;DB_CLOSE_DELAY=-1;DB_CLOSE_ON_EXIT=false]
2021-01-18 12:55:52 [main] DEBUG org.springframework.jdbc.support.SQLErrorCodesFactory - SQL error codes for 'H2' found
2021-01-18 12:55:52 [main] DEBUG org.springframework.jdbc.support.SQLErrorCodesFactory - Caching SQL error codes for DataSource [org.springframework.jdbc.datasource.embedded.EmbeddedDatabaseFactory$EmbeddedDataSourceProxy@74bf1791]: database product name is 'H2'
2021-01-18 12:55:52 [main] DEBUG org.springframework.jdbc.support.SQLErrorCodeSQLExceptionTranslator - Unable to translate SQLException with Error code '22007', will now try the fallback translator
2021-01-18 12:55:52 [main] DEBUG org.springframework.jdbc.support.SQLStateSQLExceptionTranslator - Extracted SQL state class '22' from value '22007'
2021-01-18 12:55:52 [main] INFO  springframework.jdbc.datasource.embedded.EmbeddedDatabaseFactory - Shutting down embedded database: url='jdbc:h2:mem:testDB;MODE=MySQL;DB_CLOSE_DELAY=-1;DB_CLOSE_ON_EXIT=false'
2021-01-18 12:55:52 [main] DEBUG org.springframework.jdbc.datasource.SimpleDriverDataSource - Creating new JDBC Driver Connection to [jdbc:h2:mem:testDB;MODE=MySQL;DB_CLOSE_DELAY=-1;DB_CLOSE_ON_EXIT=false]
2021-01-18 12:58:43 [main] INFO  springframework.jdbc.datasource.embedded.EmbeddedDatabaseFactory - Starting embedded database: url='jdbc:h2:mem:testDB;time_zone = UTC;DB_CLOSE_DELAY=-1;DB_CLOSE_ON_EXIT=false', username='sa'
2021-01-18 12:58:43 [main] DEBUG org.springframework.jdbc.datasource.DataSourceUtils - Fetching JDBC Connection from DataSource
2021-01-18 12:58:43 [main] DEBUG org.springframework.jdbc.datasource.SimpleDriverDataSource - Creating new JDBC Driver Connection to [jdbc:h2:mem:testDB;time_zone = UTC;DB_CLOSE_DELAY=-1;DB_CLOSE_ON_EXIT=false]
2021-01-18 12:58:43 [main] INFO  springframework.jdbc.datasource.embedded.EmbeddedDatabaseFactory - Shutting down embedded database: url='jdbc:h2:mem:testDB;time_zone = UTC;DB_CLOSE_DELAY=-1;DB_CLOSE_ON_EXIT=false'
2021-01-18 12:58:43 [main] DEBUG org.springframework.jdbc.datasource.SimpleDriverDataSource - Creating new JDBC Driver Connection to [jdbc:h2:mem:testDB;time_zone = UTC;DB_CLOSE_DELAY=-1;DB_CLOSE_ON_EXIT=false]
2021-01-18 12:58:43 [main] INFO  springframework.jdbc.datasource.embedded.H2EmbeddedDatabaseConfigurer - Could not shut down embedded database
org.h2.jdbc.JdbcSQLException: Неподдерживаемая опция соединения "TIME_ZONE "
Unsupported connection setting "TIME_ZONE " [90113-190]
	at org.h2.message.DbException.getJdbcSQLException(DbException.java:345) ~[h2-1.4.190.jar:1.4.190]
	at org.h2.message.DbException.get(DbException.java:179) ~[h2-1.4.190.jar:1.4.190]
	at org.h2.message.DbException.get(DbException.java:155) ~[h2-1.4.190.jar:1.4.190]
	at org.h2.engine.ConnectionInfo.readSettingsFromURL(ConnectionInfo.java:269) ~[h2-1.4.190.jar:1.4.190]
	at org.h2.engine.ConnectionInfo.<init>(ConnectionInfo.java:77) ~[h2-1.4.190.jar:1.4.190]
	at org.h2.jdbc.JdbcConnection.<init>(JdbcConnection.java:91) ~[h2-1.4.190.jar:1.4.190]
	at org.h2.Driver.connect(Driver.java:72) ~[h2-1.4.190.jar:1.4.190]
	at org.springframework.jdbc.datasource.SimpleDriverDataSource.getConnectionFromDriver(SimpleDriverDataSource.java:143) ~[spring-jdbc-5.1.4.RELEASE.jar:5.1.4.RELEASE]
	at org.springframework.jdbc.datasource.AbstractDriverBasedDataSource.getConnectionFromDriver(AbstractDriverBasedDataSource.java:205) ~[spring-jdbc-5.1.4.RELEASE.jar:5.1.4.RELEASE]
	at org.springframework.jdbc.datasource.AbstractDriverBasedDataSource.getConnection(AbstractDriverBasedDataSource.java:169) ~[spring-jdbc-5.1.4.RELEASE.jar:5.1.4.RELEASE]
	at org.springframework.jdbc.datasource.embedded.AbstractEmbeddedDatabaseConfigurer.shutdown(AbstractEmbeddedDatabaseConfigurer.java:43) ~[spring-jdbc-5.1.4.RELEASE.jar:5.1.4.RELEASE]
	at org.springframework.jdbc.datasource.embedded.EmbeddedDatabaseFactory.shutdownDatabase(EmbeddedDatabaseFactory.java:228) ~[spring-jdbc-5.1.4.RELEASE.jar:5.1.4.RELEASE]
	at org.springframework.jdbc.datasource.embedded.EmbeddedDatabaseFactory.initDatabase(EmbeddedDatabaseFactory.java:204) ~[spring-jdbc-5.1.4.RELEASE.jar:5.1.4.RELEASE]
	at org.springframework.jdbc.datasource.embedded.EmbeddedDatabaseFactory.getDatabase(EmbeddedDatabaseFactory.java:157) ~[spring-jdbc-5.1.4.RELEASE.jar:5.1.4.RELEASE]
	at org.springframework.jdbc.datasource.embedded.EmbeddedDatabaseBuilder.build(EmbeddedDatabaseBuilder.java:270) ~[spring-jdbc-5.1.4.RELEASE.jar:5.1.4.RELEASE]
	at test.epam.esm.dao.impl.GiftCertificateDaoImplTest.setUp(GiftCertificateDaoImplTest.java:31) ~[test-classes/:?]
	at sun.reflect.NativeMethodAccessorImpl.invoke0(Native Method) ~[?:1.8.0_241]
	at sun.reflect.NativeMethodAccessorImpl.invoke(NativeMethodAccessorImpl.java:62) ~[?:1.8.0_241]
	at sun.reflect.DelegatingMethodAccessorImpl.invoke(DelegatingMethodAccessorImpl.java:43) ~[?:1.8.0_241]
	at java.lang.reflect.Method.invoke(Method.java:498) ~[?:1.8.0_241]
	at org.junit.platform.commons.util.ReflectionUtils.invokeMethod(ReflectionUtils.java:686) ~[junit-platform-commons-1.6.2.jar:1.6.2]
	at org.junit.jupiter.engine.execution.MethodInvocation.proceed(MethodInvocation.java:60) ~[junit-jupiter-engine-5.6.2.jar:5.6.2]
	at org.junit.jupiter.engine.execution.InvocationInterceptorChain$ValidatingInvocation.proceed(InvocationInterceptorChain.java:131) ~[junit-jupiter-engine-5.6.2.jar:5.6.2]
	at org.junit.jupiter.engine.extension.TimeoutExtension.intercept(TimeoutExtension.java:149) ~[junit-jupiter-engine-5.6.2.jar:5.6.2]
	at org.junit.jupiter.engine.extension.TimeoutExtension.interceptLifecycleMethod(TimeoutExtension.java:126) ~[junit-jupiter-engine-5.6.2.jar:5.6.2]
	at org.junit.jupiter.engine.extension.TimeoutExtension.interceptBeforeEachMethod(TimeoutExtension.java:76) ~[junit-jupiter-engine-5.6.2.jar:5.6.2]
	at org.junit.jupiter.engine.execution.ExecutableInvoker$ReflectiveInterceptorCall.lambda$ofVoidMethod$0(ExecutableInvoker.java:115) ~[junit-jupiter-engine-5.6.2.jar:5.6.2]
	at org.junit.jupiter.engine.execution.ExecutableInvoker.lambda$invoke$0(ExecutableInvoker.java:105) ~[junit-jupiter-engine-5.6.2.jar:5.6.2]
	at org.junit.jupiter.engine.execution.InvocationInterceptorChain$InterceptedInvocation.proceed(InvocationInterceptorChain.java:106) ~[junit-jupiter-engine-5.6.2.jar:5.6.2]
	at org.junit.jupiter.engine.execution.InvocationInterceptorChain.proceed(InvocationInterceptorChain.java:64) ~[junit-jupiter-engine-5.6.2.jar:5.6.2]
	at org.junit.jupiter.engine.execution.InvocationInterceptorChain.chainAndInvoke(InvocationInterceptorChain.java:45) ~[junit-jupiter-engine-5.6.2.jar:5.6.2]
	at org.junit.jupiter.engine.execution.InvocationInterceptorChain.invoke(InvocationInterceptorChain.java:37) ~[junit-jupiter-engine-5.6.2.jar:5.6.2]
	at org.junit.jupiter.engine.execution.ExecutableInvoker.invoke(ExecutableInvoker.java:104) ~[junit-jupiter-engine-5.6.2.jar:5.6.2]
	at org.junit.jupiter.engine.execution.ExecutableInvoker.invoke(ExecutableInvoker.java:98) ~[junit-jupiter-engine-5.6.2.jar:5.6.2]
	at org.junit.jupiter.engine.descriptor.ClassBasedTestDescriptor.invokeMethodInExtensionContext(ClassBasedTestDescriptor.java:481) ~[junit-jupiter-engine-5.6.2.jar:5.6.2]
	at org.junit.jupiter.engine.descriptor.ClassBasedTestDescriptor.lambda$synthesizeBeforeEachMethodAdapter$18(ClassBasedTestDescriptor.java:466) ~[junit-jupiter-engine-5.6.2.jar:5.6.2]
	at org.junit.jupiter.engine.descriptor.TestMethodTestDescriptor.lambda$invokeBeforeEachMethods$2(TestMethodTestDescriptor.java:169) ~[junit-jupiter-engine-5.6.2.jar:5.6.2]
	at org.junit.jupiter.engine.descriptor.TestMethodTestDescriptor.lambda$invokeBeforeMethodsOrCallbacksUntilExceptionOccurs$5(TestMethodTestDescriptor.java:197) ~[junit-jupiter-engine-5.6.2.jar:5.6.2]
	at org.junit.platform.engine.support.hierarchical.ThrowableCollector.execute(ThrowableCollector.java:73) ~[junit-platform-engine-1.6.2.jar:1.6.2]
	at org.junit.jupiter.engine.descriptor.TestMethodTestDescriptor.invokeBeforeMethodsOrCallbacksUntilExceptionOccurs(TestMethodTestDescriptor.java:197) ~[junit-jupiter-engine-5.6.2.jar:5.6.2]
	at org.junit.jupiter.engine.descriptor.TestMethodTestDescriptor.invokeBeforeEachMethods(TestMethodTestDescriptor.java:166) ~[junit-jupiter-engine-5.6.2.jar:5.6.2]
	at org.junit.jupiter.engine.descriptor.TestMethodTestDescriptor.execute(TestMethodTestDescriptor.java:133) ~[junit-jupiter-engine-5.6.2.jar:5.6.2]
	at org.junit.jupiter.engine.descriptor.TestMethodTestDescriptor.execute(TestMethodTestDescriptor.java:71) ~[junit-jupiter-engine-5.6.2.jar:5.6.2]
	at org.junit.platform.engine.support.hierarchical.NodeTestTask.lambda$executeRecursively$5(NodeTestTask.java:135) ~[junit-platform-engine-1.6.2.jar:1.6.2]
	at org.junit.platform.engine.support.hierarchical.ThrowableCollector.execute(ThrowableCollector.java:73) ~[junit-platform-engine-1.6.2.jar:1.6.2]
	at org.junit.platform.engine.support.hierarchical.NodeTestTask.lambda$executeRecursively$7(NodeTestTask.java:125) ~[junit-platform-engine-1.6.2.jar:1.6.2]
	at org.junit.platform.engine.support.hierarchical.Node.around(Node.java:135) ~[junit-platform-engine-1.6.2.jar:1.6.2]
	at org.junit.platform.engine.support.hierarchical.NodeTestTask.lambda$executeRecursively$8(NodeTestTask.java:123) ~[junit-platform-engine-1.6.2.jar:1.6.2]
	at org.junit.platform.engine.support.hierarchical.ThrowableCollector.execute(ThrowableCollector.java:73) ~[junit-platform-engine-1.6.2.jar:1.6.2]
	at org.junit.platform.engine.support.hierarchical.NodeTestTask.executeRecursively(NodeTestTask.java:122) ~[junit-platform-engine-1.6.2.jar:1.6.2]
	at org.junit.platform.engine.support.hierarchical.NodeTestTask.execute(NodeTestTask.java:80) ~[junit-platform-engine-1.6.2.jar:1.6.2]
	at java.util.ArrayList.forEach(ArrayList.java:1257) ~[?:1.8.0_241]
	at org.junit.platform.engine.support.hierarchical.SameThreadHierarchicalTestExecutorService.invokeAll(SameThreadHierarchicalTestExecutorService.java:38) ~[junit-platform-engine-1.6.2.jar:1.6.2]
	at org.junit.platform.engine.support.hierarchical.NodeTestTask.lambda$executeRecursively$5(NodeTestTask.java:139) ~[junit-platform-engine-1.6.2.jar:1.6.2]
	at org.junit.platform.engine.support.hierarchical.ThrowableCollector.execute(ThrowableCollector.java:73) ~[junit-platform-engine-1.6.2.jar:1.6.2]
	at org.junit.platform.engine.support.hierarchical.NodeTestTask.lambda$executeRecursively$7(NodeTestTask.java:125) ~[junit-platform-engine-1.6.2.jar:1.6.2]
	at org.junit.platform.engine.support.hierarchical.Node.around(Node.java:135) ~[junit-platform-engine-1.6.2.jar:1.6.2]
	at org.junit.platform.engine.support.hierarchical.NodeTestTask.lambda$executeRecursively$8(NodeTestTask.java:123) ~[junit-platform-engine-1.6.2.jar:1.6.2]
	at org.junit.platform.engine.support.hierarchical.ThrowableCollector.execute(ThrowableCollector.java:73) ~[junit-platform-engine-1.6.2.jar:1.6.2]
	at org.junit.platform.engine.support.hierarchical.NodeTestTask.executeRecursively(NodeTestTask.java:122) ~[junit-platform-engine-1.6.2.jar:1.6.2]
	at org.junit.platform.engine.support.hierarchical.NodeTestTask.execute(NodeTestTask.java:80) ~[junit-platform-engine-1.6.2.jar:1.6.2]
	at java.util.ArrayList.forEach(ArrayList.java:1257) ~[?:1.8.0_241]
	at org.junit.platform.engine.support.hierarchical.SameThreadHierarchicalTestExecutorService.invokeAll(SameThreadHierarchicalTestExecutorService.java:38) ~[junit-platform-engine-1.6.2.jar:1.6.2]
	at org.junit.platform.engine.support.hierarchical.NodeTestTask.lambda$executeRecursively$5(NodeTestTask.java:139) ~[junit-platform-engine-1.6.2.jar:1.6.2]
	at org.junit.platform.engine.support.hierarchical.ThrowableCollector.execute(ThrowableCollector.java:73) ~[junit-platform-engine-1.6.2.jar:1.6.2]
	at org.junit.platform.engine.support.hierarchical.NodeTestTask.lambda$executeRecursively$7(NodeTestTask.java:125) ~[junit-platform-engine-1.6.2.jar:1.6.2]
	at org.junit.platform.engine.support.hierarchical.Node.around(Node.java:135) ~[junit-platform-engine-1.6.2.jar:1.6.2]
	at org.junit.platform.engine.support.hierarchical.NodeTestTask.lambda$executeRecursively$8(NodeTestTask.java:123) ~[junit-platform-engine-1.6.2.jar:1.6.2]
	at org.junit.platform.engine.support.hierarchical.ThrowableCollector.execute(ThrowableCollector.java:73) ~[junit-platform-engine-1.6.2.jar:1.6.2]
	at org.junit.platform.engine.support.hierarchical.NodeTestTask.executeRecursively(NodeTestTask.java:122) ~[junit-platform-engine-1.6.2.jar:1.6.2]
	at org.junit.platform.engine.support.hierarchical.NodeTestTask.execute(NodeTestTask.java:80) ~[junit-platform-engine-1.6.2.jar:1.6.2]
	at org.junit.platform.engine.support.hierarchical.SameThreadHierarchicalTestExecutorService.submit(SameThreadHierarchicalTestExecutorService.java:32) ~[junit-platform-engine-1.6.2.jar:1.6.2]
	at org.junit.platform.engine.support.hierarchical.HierarchicalTestExecutor.execute(HierarchicalTestExecutor.java:57) ~[junit-platform-engine-1.6.2.jar:1.6.2]
	at org.junit.platform.engine.support.hierarchical.HierarchicalTestEngine.execute(HierarchicalTestEngine.java:51) ~[junit-platform-engine-1.6.2.jar:1.6.2]
	at org.junit.platform.launcher.core.DefaultLauncher.execute(DefaultLauncher.java:248) ~[junit-platform-launcher-1.6.2.jar:1.6.2]
	at org.junit.platform.launcher.core.DefaultLauncher.lambda$execute$5(DefaultLauncher.java:211) ~[junit-platform-launcher-1.6.2.jar:1.6.2]
	at org.junit.platform.launcher.core.DefaultLauncher.withInterceptedStreams(DefaultLauncher.java:226) [junit-platform-launcher-1.6.2.jar:1.6.2]
	at org.junit.platform.launcher.core.DefaultLauncher.execute(DefaultLauncher.java:199) [junit-platform-launcher-1.6.2.jar:1.6.2]
	at org.junit.platform.launcher.core.DefaultLauncher.execute(DefaultLauncher.java:132) [junit-platform-launcher-1.6.2.jar:1.6.2]
	at com.intellij.junit5.JUnit5IdeaTestRunner.startRunnerWithArgs(JUnit5IdeaTestRunner.java:71) [junit5-rt.jar:?]
	at com.intellij.rt.junit.IdeaTestRunner$Repeater.startRunnerWithArgs(IdeaTestRunner.java:33) [junit-rt.jar:?]
	at com.intellij.rt.junit.JUnitStarter.prepareStreamsAndStart(JUnitStarter.java:220) [junit-rt.jar:?]
	at com.intellij.rt.junit.JUnitStarter.main(JUnitStarter.java:53) [junit-rt.jar:?]
2021-01-18 13:00:00 [main] INFO  springframework.jdbc.datasource.embedded.EmbeddedDatabaseFactory - Starting embedded database: url='jdbc:h2:mem:testDB?serverTimezone=UTC;DB_CLOSE_DELAY=-1;DB_CLOSE_ON_EXIT=false', username='sa'
2021-01-18 13:00:00 [main] DEBUG org.springframework.jdbc.datasource.DataSourceUtils - Fetching JDBC Connection from DataSource
2021-01-18 13:00:00 [main] DEBUG org.springframework.jdbc.datasource.SimpleDriverDataSource - Creating new JDBC Driver Connection to [jdbc:h2:mem:testDB?serverTimezone=UTC;DB_CLOSE_DELAY=-1;DB_CLOSE_ON_EXIT=false]
2021-01-18 13:00:01 [main] DEBUG springframework.jdbc.datasource.init.ScriptUtils - Executing SQL script from class path resource [createDatabase.sql]
2021-01-18 13:00:01 [main] DEBUG springframework.jdbc.datasource.init.ScriptUtils - 0 returned as update count for SQL: DROP TABLE IF EXISTS gift_certificate
2021-01-18 13:00:01 [main] DEBUG springframework.jdbc.datasource.init.ScriptUtils - 0 returned as update count for SQL: CREATE TABLE gift_certificate ( `certificateId` INT NOT NULL AUTO_INCREMENT PRIMARY KEY, `name` VARCHAR(45) NOT NULL, `description` VARCHAR(100) NOT NULL, `price` DOUBLE NOT NULL, `duration` INT NOT NULL, `createDate` DATETIME NOT NULL, `lastUpdateDate` DATETIME NOT NULL)
2021-01-18 13:00:01 [main] DEBUG springframework.jdbc.datasource.init.ScriptUtils - Executed SQL script from class path resource [createDatabase.sql] in 79 ms.
2021-01-18 13:00:01 [main] DEBUG org.springframework.jdbc.core.JdbcTemplate - Executing SQL update and returning generated keys
2021-01-18 13:00:01 [main] DEBUG org.springframework.jdbc.core.JdbcTemplate - Executing prepared SQL statement
2021-01-18 13:00:01 [main] DEBUG org.springframework.jdbc.datasource.DataSourceUtils - Fetching JDBC Connection from DataSource
2021-01-18 13:00:01 [main] DEBUG org.springframework.jdbc.datasource.SimpleDriverDataSource - Creating new JDBC Driver Connection to [jdbc:h2:mem:testDB?serverTimezone=UTC;DB_CLOSE_DELAY=-1;DB_CLOSE_ON_EXIT=false]
2021-01-18 13:00:01 [main] DEBUG springframework.beans.factory.xml.XmlBeanDefinitionReader - Loaded 11 bean definitions from class path resource [org/springframework/jdbc/support/sql-error-codes.xml]
2021-01-18 13:00:01 [main] DEBUG springframework.beans.factory.support.DefaultListableBeanFactory - Creating shared instance of singleton bean 'DB2'
2021-01-18 13:00:02 [main] DEBUG springframework.beans.factory.support.DefaultListableBeanFactory - Creating shared instance of singleton bean 'Derby'
2021-01-18 13:00:02 [main] DEBUG springframework.beans.factory.support.DefaultListableBeanFactory - Creating shared instance of singleton bean 'H2'
2021-01-18 13:00:02 [main] DEBUG springframework.beans.factory.support.DefaultListableBeanFactory - Creating shared instance of singleton bean 'HDB'
2021-01-18 13:00:02 [main] DEBUG springframework.beans.factory.support.DefaultListableBeanFactory - Creating shared instance of singleton bean 'HSQL'
2021-01-18 13:00:02 [main] DEBUG springframework.beans.factory.support.DefaultListableBeanFactory - Creating shared instance of singleton bean 'Informix'
2021-01-18 13:00:02 [main] DEBUG springframework.beans.factory.support.DefaultListableBeanFactory - Creating shared instance of singleton bean 'MS-SQL'
2021-01-18 13:00:02 [main] DEBUG springframework.beans.factory.support.DefaultListableBeanFactory - Creating shared instance of singleton bean 'MySQL'
2021-01-18 13:00:02 [main] DEBUG springframework.beans.factory.support.DefaultListableBeanFactory - Creating shared instance of singleton bean 'Oracle'
2021-01-18 13:00:02 [main] DEBUG springframework.beans.factory.support.DefaultListableBeanFactory - Creating shared instance of singleton bean 'PostgreSQL'
2021-01-18 13:00:02 [main] DEBUG springframework.beans.factory.support.DefaultListableBeanFactory - Creating shared instance of singleton bean 'Sybase'
2021-01-18 13:00:02 [main] DEBUG org.springframework.jdbc.support.SQLErrorCodesFactory - Looking up default SQLErrorCodes for DataSource [org.springframework.jdbc.datasource.embedded.EmbeddedDatabaseFactory$EmbeddedDataSourceProxy@327bcebd]
2021-01-18 13:00:02 [main] DEBUG org.springframework.jdbc.datasource.DataSourceUtils - Fetching JDBC Connection from DataSource
2021-01-18 13:00:02 [main] DEBUG org.springframework.jdbc.datasource.SimpleDriverDataSource - Creating new JDBC Driver Connection to [jdbc:h2:mem:testDB?serverTimezone=UTC;DB_CLOSE_DELAY=-1;DB_CLOSE_ON_EXIT=false]
2021-01-18 13:00:02 [main] DEBUG org.springframework.jdbc.support.SQLErrorCodesFactory - SQL error codes for 'H2' found
2021-01-18 13:00:02 [main] DEBUG org.springframework.jdbc.support.SQLErrorCodesFactory - Caching SQL error codes for DataSource [org.springframework.jdbc.datasource.embedded.EmbeddedDatabaseFactory$EmbeddedDataSourceProxy@327bcebd]: database product name is 'H2'
2021-01-18 13:00:02 [main] DEBUG org.springframework.jdbc.support.SQLErrorCodeSQLExceptionTranslator - Unable to translate SQLException with Error code '22007', will now try the fallback translator
2021-01-18 13:00:02 [main] DEBUG org.springframework.jdbc.support.SQLStateSQLExceptionTranslator - Extracted SQL state class '22' from value '22007'
2021-01-18 13:00:02 [main] INFO  springframework.jdbc.datasource.embedded.EmbeddedDatabaseFactory - Shutting down embedded database: url='jdbc:h2:mem:testDB?serverTimezone=UTC;DB_CLOSE_DELAY=-1;DB_CLOSE_ON_EXIT=false'
2021-01-18 13:00:02 [main] DEBUG org.springframework.jdbc.datasource.SimpleDriverDataSource - Creating new JDBC Driver Connection to [jdbc:h2:mem:testDB?serverTimezone=UTC;DB_CLOSE_DELAY=-1;DB_CLOSE_ON_EXIT=false]
2021-01-18 13:02:48 [main] INFO  springframework.jdbc.datasource.embedded.EmbeddedDatabaseFactory - Starting embedded database: url='jdbc:h2:mem:testDB;timezone=UTC;DB_CLOSE_DELAY=-1;DB_CLOSE_ON_EXIT=false', username='sa'
2021-01-18 13:02:48 [main] DEBUG org.springframework.jdbc.datasource.DataSourceUtils - Fetching JDBC Connection from DataSource
2021-01-18 13:02:48 [main] DEBUG org.springframework.jdbc.datasource.SimpleDriverDataSource - Creating new JDBC Driver Connection to [jdbc:h2:mem:testDB;timezone=UTC;DB_CLOSE_DELAY=-1;DB_CLOSE_ON_EXIT=false]
2021-01-18 13:02:48 [main] INFO  springframework.jdbc.datasource.embedded.EmbeddedDatabaseFactory - Shutting down embedded database: url='jdbc:h2:mem:testDB;timezone=UTC;DB_CLOSE_DELAY=-1;DB_CLOSE_ON_EXIT=false'
2021-01-18 13:02:48 [main] DEBUG org.springframework.jdbc.datasource.SimpleDriverDataSource - Creating new JDBC Driver Connection to [jdbc:h2:mem:testDB;timezone=UTC;DB_CLOSE_DELAY=-1;DB_CLOSE_ON_EXIT=false]
2021-01-18 13:02:48 [main] INFO  springframework.jdbc.datasource.embedded.H2EmbeddedDatabaseConfigurer - Could not shut down embedded database
org.h2.jdbc.JdbcSQLException: Неподдерживаемая опция соединения "TIMEZONE"
Unsupported connection setting "TIMEZONE" [90113-190]
	at org.h2.message.DbException.getJdbcSQLException(DbException.java:345) ~[h2-1.4.190.jar:1.4.190]
	at org.h2.message.DbException.get(DbException.java:179) ~[h2-1.4.190.jar:1.4.190]
	at org.h2.message.DbException.get(DbException.java:155) ~[h2-1.4.190.jar:1.4.190]
	at org.h2.engine.ConnectionInfo.readSettingsFromURL(ConnectionInfo.java:269) ~[h2-1.4.190.jar:1.4.190]
	at org.h2.engine.ConnectionInfo.<init>(ConnectionInfo.java:77) ~[h2-1.4.190.jar:1.4.190]
	at org.h2.jdbc.JdbcConnection.<init>(JdbcConnection.java:91) ~[h2-1.4.190.jar:1.4.190]
	at org.h2.Driver.connect(Driver.java:72) ~[h2-1.4.190.jar:1.4.190]
	at org.springframework.jdbc.datasource.SimpleDriverDataSource.getConnectionFromDriver(SimpleDriverDataSource.java:143) ~[spring-jdbc-5.1.4.RELEASE.jar:5.1.4.RELEASE]
	at org.springframework.jdbc.datasource.AbstractDriverBasedDataSource.getConnectionFromDriver(AbstractDriverBasedDataSource.java:205) ~[spring-jdbc-5.1.4.RELEASE.jar:5.1.4.RELEASE]
	at org.springframework.jdbc.datasource.AbstractDriverBasedDataSource.getConnection(AbstractDriverBasedDataSource.java:169) ~[spring-jdbc-5.1.4.RELEASE.jar:5.1.4.RELEASE]
	at org.springframework.jdbc.datasource.embedded.AbstractEmbeddedDatabaseConfigurer.shutdown(AbstractEmbeddedDatabaseConfigurer.java:43) ~[spring-jdbc-5.1.4.RELEASE.jar:5.1.4.RELEASE]
	at org.springframework.jdbc.datasource.embedded.EmbeddedDatabaseFactory.shutdownDatabase(EmbeddedDatabaseFactory.java:228) ~[spring-jdbc-5.1.4.RELEASE.jar:5.1.4.RELEASE]
	at org.springframework.jdbc.datasource.embedded.EmbeddedDatabaseFactory.initDatabase(EmbeddedDatabaseFactory.java:204) ~[spring-jdbc-5.1.4.RELEASE.jar:5.1.4.RELEASE]
	at org.springframework.jdbc.datasource.embedded.EmbeddedDatabaseFactory.getDatabase(EmbeddedDatabaseFactory.java:157) ~[spring-jdbc-5.1.4.RELEASE.jar:5.1.4.RELEASE]
	at org.springframework.jdbc.datasource.embedded.EmbeddedDatabaseBuilder.build(EmbeddedDatabaseBuilder.java:270) ~[spring-jdbc-5.1.4.RELEASE.jar:5.1.4.RELEASE]
	at test.epam.esm.dao.impl.GiftCertificateDaoImplTest.setUp(GiftCertificateDaoImplTest.java:31) ~[test-classes/:?]
	at sun.reflect.NativeMethodAccessorImpl.invoke0(Native Method) ~[?:1.8.0_241]
	at sun.reflect.NativeMethodAccessorImpl.invoke(NativeMethodAccessorImpl.java:62) ~[?:1.8.0_241]
	at sun.reflect.DelegatingMethodAccessorImpl.invoke(DelegatingMethodAccessorImpl.java:43) ~[?:1.8.0_241]
	at java.lang.reflect.Method.invoke(Method.java:498) ~[?:1.8.0_241]
	at org.junit.platform.commons.util.ReflectionUtils.invokeMethod(ReflectionUtils.java:686) ~[junit-platform-commons-1.6.2.jar:1.6.2]
	at org.junit.jupiter.engine.execution.MethodInvocation.proceed(MethodInvocation.java:60) ~[junit-jupiter-engine-5.6.2.jar:5.6.2]
	at org.junit.jupiter.engine.execution.InvocationInterceptorChain$ValidatingInvocation.proceed(InvocationInterceptorChain.java:131) ~[junit-jupiter-engine-5.6.2.jar:5.6.2]
	at org.junit.jupiter.engine.extension.TimeoutExtension.intercept(TimeoutExtension.java:149) ~[junit-jupiter-engine-5.6.2.jar:5.6.2]
	at org.junit.jupiter.engine.extension.TimeoutExtension.interceptLifecycleMethod(TimeoutExtension.java:126) ~[junit-jupiter-engine-5.6.2.jar:5.6.2]
	at org.junit.jupiter.engine.extension.TimeoutExtension.interceptBeforeEachMethod(TimeoutExtension.java:76) ~[junit-jupiter-engine-5.6.2.jar:5.6.2]
	at org.junit.jupiter.engine.execution.ExecutableInvoker$ReflectiveInterceptorCall.lambda$ofVoidMethod$0(ExecutableInvoker.java:115) ~[junit-jupiter-engine-5.6.2.jar:5.6.2]
	at org.junit.jupiter.engine.execution.ExecutableInvoker.lambda$invoke$0(ExecutableInvoker.java:105) ~[junit-jupiter-engine-5.6.2.jar:5.6.2]
	at org.junit.jupiter.engine.execution.InvocationInterceptorChain$InterceptedInvocation.proceed(InvocationInterceptorChain.java:106) ~[junit-jupiter-engine-5.6.2.jar:5.6.2]
	at org.junit.jupiter.engine.execution.InvocationInterceptorChain.proceed(InvocationInterceptorChain.java:64) ~[junit-jupiter-engine-5.6.2.jar:5.6.2]
	at org.junit.jupiter.engine.execution.InvocationInterceptorChain.chainAndInvoke(InvocationInterceptorChain.java:45) ~[junit-jupiter-engine-5.6.2.jar:5.6.2]
	at org.junit.jupiter.engine.execution.InvocationInterceptorChain.invoke(InvocationInterceptorChain.java:37) ~[junit-jupiter-engine-5.6.2.jar:5.6.2]
	at org.junit.jupiter.engine.execution.ExecutableInvoker.invoke(ExecutableInvoker.java:104) ~[junit-jupiter-engine-5.6.2.jar:5.6.2]
	at org.junit.jupiter.engine.execution.ExecutableInvoker.invoke(ExecutableInvoker.java:98) ~[junit-jupiter-engine-5.6.2.jar:5.6.2]
	at org.junit.jupiter.engine.descriptor.ClassBasedTestDescriptor.invokeMethodInExtensionContext(ClassBasedTestDescriptor.java:481) ~[junit-jupiter-engine-5.6.2.jar:5.6.2]
	at org.junit.jupiter.engine.descriptor.ClassBasedTestDescriptor.lambda$synthesizeBeforeEachMethodAdapter$18(ClassBasedTestDescriptor.java:466) ~[junit-jupiter-engine-5.6.2.jar:5.6.2]
	at org.junit.jupiter.engine.descriptor.TestMethodTestDescriptor.lambda$invokeBeforeEachMethods$2(TestMethodTestDescriptor.java:169) ~[junit-jupiter-engine-5.6.2.jar:5.6.2]
	at org.junit.jupiter.engine.descriptor.TestMethodTestDescriptor.lambda$invokeBeforeMethodsOrCallbacksUntilExceptionOccurs$5(TestMethodTestDescriptor.java:197) ~[junit-jupiter-engine-5.6.2.jar:5.6.2]
	at org.junit.platform.engine.support.hierarchical.ThrowableCollector.execute(ThrowableCollector.java:73) ~[junit-platform-engine-1.6.2.jar:1.6.2]
	at org.junit.jupiter.engine.descriptor.TestMethodTestDescriptor.invokeBeforeMethodsOrCallbacksUntilExceptionOccurs(TestMethodTestDescriptor.java:197) ~[junit-jupiter-engine-5.6.2.jar:5.6.2]
	at org.junit.jupiter.engine.descriptor.TestMethodTestDescriptor.invokeBeforeEachMethods(TestMethodTestDescriptor.java:166) ~[junit-jupiter-engine-5.6.2.jar:5.6.2]
	at org.junit.jupiter.engine.descriptor.TestMethodTestDescriptor.execute(TestMethodTestDescriptor.java:133) ~[junit-jupiter-engine-5.6.2.jar:5.6.2]
	at org.junit.jupiter.engine.descriptor.TestMethodTestDescriptor.execute(TestMethodTestDescriptor.java:71) ~[junit-jupiter-engine-5.6.2.jar:5.6.2]
	at org.junit.platform.engine.support.hierarchical.NodeTestTask.lambda$executeRecursively$5(NodeTestTask.java:135) ~[junit-platform-engine-1.6.2.jar:1.6.2]
	at org.junit.platform.engine.support.hierarchical.ThrowableCollector.execute(ThrowableCollector.java:73) ~[junit-platform-engine-1.6.2.jar:1.6.2]
	at org.junit.platform.engine.support.hierarchical.NodeTestTask.lambda$executeRecursively$7(NodeTestTask.java:125) ~[junit-platform-engine-1.6.2.jar:1.6.2]
	at org.junit.platform.engine.support.hierarchical.Node.around(Node.java:135) ~[junit-platform-engine-1.6.2.jar:1.6.2]
	at org.junit.platform.engine.support.hierarchical.NodeTestTask.lambda$executeRecursively$8(NodeTestTask.java:123) ~[junit-platform-engine-1.6.2.jar:1.6.2]
	at org.junit.platform.engine.support.hierarchical.ThrowableCollector.execute(ThrowableCollector.java:73) ~[junit-platform-engine-1.6.2.jar:1.6.2]
	at org.junit.platform.engine.support.hierarchical.NodeTestTask.executeRecursively(NodeTestTask.java:122) ~[junit-platform-engine-1.6.2.jar:1.6.2]
	at org.junit.platform.engine.support.hierarchical.NodeTestTask.execute(NodeTestTask.java:80) ~[junit-platform-engine-1.6.2.jar:1.6.2]
	at java.util.ArrayList.forEach(ArrayList.java:1257) ~[?:1.8.0_241]
	at org.junit.platform.engine.support.hierarchical.SameThreadHierarchicalTestExecutorService.invokeAll(SameThreadHierarchicalTestExecutorService.java:38) ~[junit-platform-engine-1.6.2.jar:1.6.2]
	at org.junit.platform.engine.support.hierarchical.NodeTestTask.lambda$executeRecursively$5(NodeTestTask.java:139) ~[junit-platform-engine-1.6.2.jar:1.6.2]
	at org.junit.platform.engine.support.hierarchical.ThrowableCollector.execute(ThrowableCollector.java:73) ~[junit-platform-engine-1.6.2.jar:1.6.2]
	at org.junit.platform.engine.support.hierarchical.NodeTestTask.lambda$executeRecursively$7(NodeTestTask.java:125) ~[junit-platform-engine-1.6.2.jar:1.6.2]
	at org.junit.platform.engine.support.hierarchical.Node.around(Node.java:135) ~[junit-platform-engine-1.6.2.jar:1.6.2]
	at org.junit.platform.engine.support.hierarchical.NodeTestTask.lambda$executeRecursively$8(NodeTestTask.java:123) ~[junit-platform-engine-1.6.2.jar:1.6.2]
	at org.junit.platform.engine.support.hierarchical.ThrowableCollector.execute(ThrowableCollector.java:73) ~[junit-platform-engine-1.6.2.jar:1.6.2]
	at org.junit.platform.engine.support.hierarchical.NodeTestTask.executeRecursively(NodeTestTask.java:122) ~[junit-platform-engine-1.6.2.jar:1.6.2]
	at org.junit.platform.engine.support.hierarchical.NodeTestTask.execute(NodeTestTask.java:80) ~[junit-platform-engine-1.6.2.jar:1.6.2]
	at java.util.ArrayList.forEach(ArrayList.java:1257) ~[?:1.8.0_241]
	at org.junit.platform.engine.support.hierarchical.SameThreadHierarchicalTestExecutorService.invokeAll(SameThreadHierarchicalTestExecutorService.java:38) ~[junit-platform-engine-1.6.2.jar:1.6.2]
	at org.junit.platform.engine.support.hierarchical.NodeTestTask.lambda$executeRecursively$5(NodeTestTask.java:139) ~[junit-platform-engine-1.6.2.jar:1.6.2]
	at org.junit.platform.engine.support.hierarchical.ThrowableCollector.execute(ThrowableCollector.java:73) ~[junit-platform-engine-1.6.2.jar:1.6.2]
	at org.junit.platform.engine.support.hierarchical.NodeTestTask.lambda$executeRecursively$7(NodeTestTask.java:125) ~[junit-platform-engine-1.6.2.jar:1.6.2]
	at org.junit.platform.engine.support.hierarchical.Node.around(Node.java:135) ~[junit-platform-engine-1.6.2.jar:1.6.2]
	at org.junit.platform.engine.support.hierarchical.NodeTestTask.lambda$executeRecursively$8(NodeTestTask.java:123) ~[junit-platform-engine-1.6.2.jar:1.6.2]
	at org.junit.platform.engine.support.hierarchical.ThrowableCollector.execute(ThrowableCollector.java:73) ~[junit-platform-engine-1.6.2.jar:1.6.2]
	at org.junit.platform.engine.support.hierarchical.NodeTestTask.executeRecursively(NodeTestTask.java:122) ~[junit-platform-engine-1.6.2.jar:1.6.2]
	at org.junit.platform.engine.support.hierarchical.NodeTestTask.execute(NodeTestTask.java:80) ~[junit-platform-engine-1.6.2.jar:1.6.2]
	at org.junit.platform.engine.support.hierarchical.SameThreadHierarchicalTestExecutorService.submit(SameThreadHierarchicalTestExecutorService.java:32) ~[junit-platform-engine-1.6.2.jar:1.6.2]
	at org.junit.platform.engine.support.hierarchical.HierarchicalTestExecutor.execute(HierarchicalTestExecutor.java:57) ~[junit-platform-engine-1.6.2.jar:1.6.2]
	at org.junit.platform.engine.support.hierarchical.HierarchicalTestEngine.execute(HierarchicalTestEngine.java:51) ~[junit-platform-engine-1.6.2.jar:1.6.2]
	at org.junit.platform.launcher.core.DefaultLauncher.execute(DefaultLauncher.java:248) ~[junit-platform-launcher-1.6.2.jar:1.6.2]
	at org.junit.platform.launcher.core.DefaultLauncher.lambda$execute$5(DefaultLauncher.java:211) ~[junit-platform-launcher-1.6.2.jar:1.6.2]
	at org.junit.platform.launcher.core.DefaultLauncher.withInterceptedStreams(DefaultLauncher.java:226) [junit-platform-launcher-1.6.2.jar:1.6.2]
	at org.junit.platform.launcher.core.DefaultLauncher.execute(DefaultLauncher.java:199) [junit-platform-launcher-1.6.2.jar:1.6.2]
	at org.junit.platform.launcher.core.DefaultLauncher.execute(DefaultLauncher.java:132) [junit-platform-launcher-1.6.2.jar:1.6.2]
	at com.intellij.junit5.JUnit5IdeaTestRunner.startRunnerWithArgs(JUnit5IdeaTestRunner.java:71) [junit5-rt.jar:?]
	at com.intellij.rt.junit.IdeaTestRunner$Repeater.startRunnerWithArgs(IdeaTestRunner.java:33) [junit-rt.jar:?]
	at com.intellij.rt.junit.JUnitStarter.prepareStreamsAndStart(JUnitStarter.java:220) [junit-rt.jar:?]
	at com.intellij.rt.junit.JUnitStarter.main(JUnitStarter.java:53) [junit-rt.jar:?]
